
java.net.BindException: Address already in use: bind
java.net.BindException: Address already in use: bind
java.net.BindException: Address already in use: bind
java.net.SocketException: Socket is closed
java.net.SocketException: Socket is closed
java.net.SocketException: Socket is closed
org.springframework.web.client.HttpClientErrorException$NotFound: 404 Not Found: [no body]
java.lang.Exception: Failed to get torrent file
org.springframework.web.client.HttpClientErrorException$NotFound: 404 Not Found: [no body]
java.lang.Exception: Failed to get torrent file
org.springframework.web.client.HttpClientErrorException$NotFound: 404 Not Found: [no body]
java.lang.Exception: Failed to get torrent file
com.google.gson.JsonSyntaxException: java.lang.IllegalStateException: Expected BEGIN_ARRAY but was STRING at path $.pieces
java.lang.NullPointerException: Cannot invoke "torrent.network.client.torrententity.SingleFileInfo.getLength()" because "this.singleFileInfo" is null
org.springframework.web.client.ResourceAccessException: I/O error on GET request for "http://127.0.0.1:8080": null
java.lang.Exception: Failed to send alive event
org.springframework.web.client.ResourceAccessException: I/O error on GET request for "http://127.0.0.1:8080": Request was interrupted: null
org.springframework.web.client.ResourceAccessException: I/O error on GET request for "http://127.0.0.1:8080": null
java.lang.Exception: Failed to send alive event
org.springframework.web.client.ResourceAccessException: I/O error on GET request for "http://127.0.0.1:8080": Request was interrupted: null
